<?xml version="1.0" encoding="UTF-8"?>
<!-- Generated by org.testng.reporters.JUnitReportReporter -->
<testsuite hostname="DESKTOP-J8D4657" failures="0" tests="2" name="TestCases.HomePageTest" time="1.595" errors="0" timestamp="2021-01-19T16:45:26 EST" skipped="0">
  <testcase classname="TestCases.HomePageTest" name="validatingHomePageTest" time="0.090"/>
  <system-out/>
  <testcase classname="TestCases.HomePageTest" name="gettingAddCustomerPageTest" time="1.505"/>
  <system-out/>
</testsuite> <!-- TestCases.HomePageTest -->
