<?xml version="1.0" encoding="UTF-8"?>
<!-- Generated by org.testng.reporters.JUnitReportReporter -->
<testsuite hostname="DESKTOP-J8D4657" failures="0" tests="1" name="TestCases.AddCustomerPageTest" time="2.412" errors="0" timestamp="2021-01-19T16:45:26 EST" skipped="0">
  <testcase classname="TestCases.AddCustomerPageTest" name="fullName" time="2.412"/>
  <system-out/>
</testsuite> <!-- TestCases.AddCustomerPageTest -->
