<?xml version="1.0" encoding="UTF-8"?>
<!-- Generated by org.testng.reporters.JUnitReportReporter -->
<testsuite hostname="DESKTOP-J8D4657" failures="0" tests="2" name="TestCases.HomePageTest" time="1.508" errors="0" timestamp="2021-01-17T17:17:02 EST" skipped="0">
  <testcase classname="TestCases.HomePageTest" name="validatingHomePageTest" time="0.008"/>
  <system-out/>
  <testcase classname="TestCases.HomePageTest" name="gettingAddCustomerPageTest" time="1.500"/>
  <system-out/>
</testsuite> <!-- TestCases.HomePageTest -->
