<?xml version="1.0" encoding="UTF-8"?>
<!-- Generated by org.testng.reporters.JUnitReportReporter -->
<testsuite hostname="DESKTOP-J8D4657" failures="0" tests="2" name="TestCases.LoginPageTest" time="1.752" errors="0" timestamp="2021-01-17T17:17:02 EST" skipped="0">
  <testcase classname="TestCases.LoginPageTest" name="validatingLoginPageTest" time="0.039"/>
  <system-out/>
  <testcase classname="TestCases.LoginPageTest" name="loginFeatureTest" time="1.713"/>
  <system-out/>
</testsuite> <!-- TestCases.LoginPageTest -->
